[    0.000000] Linux version 4.15.0-212-generic (buildd@lcy02-amd64-083) (gcc version 7.5.0 (Ubuntu 7.5.0-3ubuntu1~18.04)) #223-Ubuntu SMP Tue May 23 13:09:22 UTC 2023 (Ubuntu 4.15.0-212.223-generic 4.15.18)
[    0.000000] Command line: BOOT_IMAGE=/boot/vmlinuz-4.15.0-212-generic root=LABEL=cloudimg-rootfs ro console=tty1 console=ttyS0
[    0.000000] KERNEL supported cpus:
[    0.000000]   Intel GenuineIntel
[    0.000000]   AMD AuthenticAMD
[    0.000000]   Centaur CentaurHauls
[    0.000000] x86/fpu: Supporting XSAVE feature 0x001: 'x87 floating point registers'
[    0.000000] x86/fpu: Supporting XSAVE feature 0x002: 'SSE registers'
[    0.000000] x86/fpu: Supporting XSAVE feature 0x004: 'AVX registers'
[    0.000000] x86/fpu: xstate_offset[2]:  576, xstate_sizes[2]:  256
[    0.000000] x86/fpu: Enabled xstate features 0x7, context size is 832 bytes, using 'standard' format.
[    0.000000] e820: BIOS-provided physical RAM map:
[    0.000000] BIOS-e820: [mem 0x0000000000000000-0x000000000009fbff] usable
[    0.000000] BIOS-e820: [mem 0x000000000009fc00-0x000000000009ffff] reserved
[    0.000000] BIOS-e820: [mem 0x00000000000f0000-0x00000000000fffff] reserved
[    0.000000] BIOS-e820: [mem 0x0000000000100000-0x000000003ffeffff] usable
[    0.000000] BIOS-e820: [mem 0x000000003fff0000-0x000000003fffffff] ACPI data
[    0.000000] BIOS-e820: [mem 0x00000000fec00000-0x00000000fec00fff] reserved
[    0.000000] BIOS-e820: [mem 0x00000000fee00000-0x00000000fee00fff] reserved
[    0.000000] BIOS-e820: [mem 0x00000000fffc0000-0x00000000ffffffff] reserved
[    0.000000] NX (Execute Disable) protection: active
[    0.000000] SMBIOS 2.5 present.
[    0.000000] DMI: innotek GmbH VirtualBox/VirtualBox, BIOS VirtualBox 12/01/2006
[    0.000000] Hypervisor detected: KVM
[    0.000000] e820: last_pfn = 0x3fff0 max_arch_pfn = 0x400000000
[    0.000000] MTRR: Disabled
[    0.000000] x86/PAT: MTRRs disabled, skipping PAT initialization too.
[    0.000000] CPU MTRRs all blank - virtualized system.
[    0.000000] x86/PAT: Configuration [0-7]: WB  WT  UC- UC  WB  WT  UC- UC  
[    0.000000] found SMP MP-table at [mem 0x0009fff0-0x0009ffff]
[    0.000000] Scanning 1 areas for low memory corruption
[    0.000000] RAMDISK: [mem 0x359cb000-0x36cdcfff]
[    0.000000] ACPI: Early table checksum verification disabled
[    0.000000] ACPI: RSDP 0x00000000000E0000 000024 (v02 VBOX  )
[    0.000000] ACPI: XSDT 0x000000003FFF0030 00003C (v01 VBOX   VBOXXSDT 00000001 ASL  00000061)
[    0.000000] ACPI: FACP 0x000000003FFF00F0 0000F4 (v04 VBOX   VBOXFACP 00000001 ASL  00000061)
[    0.000000] ACPI: DSDT 0x000000003FFF0470 002325 (v02 VBOX   VBOXBIOS 00000002 INTL 20100528)
[    0.000000] ACPI: FACS 0x000000003FFF0200 000040
[    0.000000] ACPI: FACS 0x000000003FFF0200 000040
[    0.000000] ACPI: APIC 0x000000003FFF0240 000054 (v02 VBOX   VBOXAPIC 00000001 ASL  00000061)
[    0.000000] ACPI: SSDT 0x000000003FFF02A0 0001CC (v01 VBOX   VBOXCPUT 00000002 INTL 20100528)
[    0.000000] ACPI: Reserving FACP table memory at [mem 0x3fff00f0-0x3fff01e3]
[    0.000000] ACPI: Reserving DSDT table memory at [mem 0x3fff0470-0x3fff2794]
[    0.000000] ACPI: Reserving FACS table memory at [mem 0x3fff0200-0x3fff023f]
[    0.000000] ACPI: Reserving FACS table memory at [mem 0x3fff0200-0x3fff023f]
[    0.000000] ACPI: Reserving APIC table memory at [mem 0x3fff0240-0x3fff0293]
[    0.000000] ACPI: Reserving SSDT table memory at [mem 0x3fff02a0-0x3fff046b]
[    0.000000] No NUMA configuration found
[    0.000000] Faking a node at [mem 0x0000000000000000-0x000000003ffeffff]
[    0.000000] NODE_DATA(0) allocated [mem 0x3ffc5000-0x3ffeffff]
[    0.000000] kvm-clock: cpu 0, msr 0:3ff44001, primary cpu clock
[    0.000000] kvm-clock: Using msrs 4b564d01 and 4b564d00
[    0.000000] kvm-clock: using sched offset of 3011040259 cycles
[    0.000000] clocksource: kvm-clock: mask: 0xffffffffffffffff max_cycles: 0x1cd42e4dffb, max_idle_ns: 881590591483 ns
[    0.000000] Zone ranges:
[    0.000000]   DMA      [mem 0x0000000000001000-0x0000000000ffffff]
[    0.000000]   DMA32    [mem 0x0000000001000000-0x000000003ffeffff]
[    0.000000]   Normal   empty
[    0.000000]   Device   empty
[    0.000000] Movable zone start for each node
[    0.000000] Early memory node ranges
[    0.000000]   node   0: [mem 0x0000000000001000-0x000000000009efff]
[    0.000000]   node   0: [mem 0x0000000000100000-0x000000003ffeffff]
[    0.000000] Reserved but unavailable: 104 pages
[    0.000000] Initmem setup node 0 [mem 0x0000000000001000-0x000000003ffeffff]
[    0.000000] ACPI: PM-Timer IO Port: 0x4008
[    0.000000] IOAPIC[0]: apic_id 1, version 32, address 0xfec00000, GSI 0-23
[    0.000000] ACPI: INT_SRC_OVR (bus 0 bus_irq 0 global_irq 2 dfl dfl)
[    0.000000] ACPI: INT_SRC_OVR (bus 0 bus_irq 9 global_irq 9 low level)
[    0.000000] Using ACPI (MADT) for SMP configuration information
[    0.000000] smpboot: Allowing 1 CPUs, 0 hotplug CPUs
[    0.000000] PM: Registered nosave memory: [mem 0x00000000-0x00000fff]
[    0.000000] PM: Registered nosave memory: [mem 0x0009f000-0x0009ffff]
[    0.000000] PM: Registered nosave memory: [mem 0x000a0000-0x000effff]
[    0.000000] PM: Registered nosave memory: [mem 0x000f0000-0x000fffff]
[    0.000000] e820: [mem 0x40000000-0xfebfffff] available for PCI devices
[    0.000000] Booting paravirtualized kernel on KVM
[    0.000000] clocksource: refined-jiffies: mask: 0xffffffff max_cycles: 0xffffffff, max_idle_ns: 7645519600211568 ns
[    0.000000] setup_percpu: NR_CPUS:8192 nr_cpumask_bits:1 nr_cpu_ids:1 nr_node_ids:1
[    0.000000] percpu: Embedded 50 pages/cpu s167936 r8192 d28672 u2097152
[    0.000000] PV qspinlock hash table entries: 256 (order: 0, 4096 bytes)
[    0.000000] Built 1 zonelists, mobility grouping on.  Total pages: 257913
[    0.000000] Policy zone: DMA32
[    0.000000] Kernel command line: BOOT_IMAGE=/boot/vmlinuz-4.15.0-212-generic root=LABEL=cloudimg-rootfs ro console=tty1 console=ttyS0
[    0.000000] Memory: 982844K/1048120K available (12300K kernel code, 2477K rwdata, 4324K rodata, 2480K init, 2720K bss, 65276K reserved, 0K cma-reserved)
[    0.000000] SLUB: HWalign=64, Order=0-3, MinObjects=0, CPUs=1, Nodes=1
[    0.000000] Kernel/User page tables isolation: enabled
[    0.000000] ftrace: allocating 39508 entries in 155 pages
[    0.004000] Hierarchical RCU implementation.
[    0.004000] 	RCU restricting CPUs from NR_CPUS=8192 to nr_cpu_ids=1.
[    0.004000] 	Tasks RCU enabled.
[    0.004000] RCU: Adjusting geometry for rcu_fanout_leaf=16, nr_cpu_ids=1
[    0.004000] NR_IRQS: 524544, nr_irqs: 256, preallocated irqs: 16
[    0.004000] random: crng init done
[    0.004000] Console: colour VGA+ 80x25
[    0.004000] console [tty1] enabled
[    0.004000] console [ttyS0] enabled
[    0.004000] ACPI: Core revision 20170831
[    0.004000] ACPI: 2 ACPI AML tables successfully acquired and loaded
[    0.004000] APIC: Switch to symmetric I/O mode setup
[    0.004000] x2apic enabled
[    0.004000] Switched APIC routing to physical x2apic.
[    0.004000] ..TIMER: vector=0x30 apic1=0 pin1=2 apic2=-1 pin2=-1
[    0.004000] tsc: Detected 1689.580 MHz processor
[    0.004000] Calibrating delay loop (skipped) preset value.. 3379.16 BogoMIPS (lpj=6758320)
[    0.004000] pid_max: default: 32768 minimum: 301
[    0.004018] Security Framework initialized
[    0.004402] Yama: becoming mindful.
[    0.004747] AppArmor: AppArmor initialized
[    0.005566] Dentry cache hash table entries: 131072 (order: 8, 1048576 bytes)
[    0.006270] Inode-cache hash table entries: 65536 (order: 7, 524288 bytes)
[    0.006882] Mount-cache hash table entries: 2048 (order: 2, 16384 bytes)
[    0.007481] Mountpoint-cache hash table entries: 2048 (order: 2, 16384 bytes)
[    0.008214] process: using mwait in idle threads
[    0.008674] Last level iTLB entries: 4KB 0, 2MB 0, 4MB 0
[    0.009694] Last level dTLB entries: 4KB 0, 2MB 0, 4MB 0, 1GB 0
[    0.010242] Spectre V1 : Mitigation: usercopy/swapgs barriers and __user pointer sanitization
[    0.011015] Spectre V2 : Mitigation: Retpolines
[    0.011438] Spectre V2 : Spectre v2 / SpectreRSB mitigation: Filling RSB on context switch
[    0.012001] Spectre V2 : Spectre v2 / SpectreRSB : Filling RSB on VMEXIT
[    0.012601] Speculative Store Bypass: Vulnerable
[    0.013068] MDS: Mitigation: Clear CPU buffers
[    0.024727] Freeing SMP alternatives memory: 36K
[    0.135133] smpboot: CPU0: 11th Gen Intel(R) Core(TM) i7-1165G7 @ 2.80GHz (family: 0x6, model: 0x8c, stepping: 0x1)
[    0.136000] Performance Events: unsupported p6 CPU model 140 no PMU driver, software events only.
[    0.136000] Hierarchical SRCU implementation.
[    0.136000] NMI watchdog: Perf event create on CPU 0 failed with -2
[    0.136000] NMI watchdog: Perf NMI watchdog permanently disabled
[    0.136027] smp: Bringing up secondary CPUs ...
[    0.136452] smp: Brought up 1 node, 1 CPU
[    0.136837] smpboot: Max logical packages: 1
[    0.137253] smpboot: Total of 1 processors activated (3379.16 BogoMIPS)
[    0.137937] devtmpfs: initialized
[    0.138329] x86/mm: Memory block size: 128MB
[    0.138824] evm: security.selinux
[    0.139150] evm: security.SMACK64
[    0.139471] evm: security.SMACK64EXEC
[    0.139840] evm: security.SMACK64TRANSMUTE
[    0.140003] evm: security.SMACK64MMAP
[    0.140352] evm: security.apparmor
[    0.140697] evm: security.ima
[    0.140994] evm: security.capability
[    0.141403] clocksource: jiffies: mask: 0xffffffff max_cycles: 0xffffffff, max_idle_ns: 7645041785100000 ns
[    0.142265] futex hash table entries: 256 (order: 2, 16384 bytes)
[    0.142865] pinctrl core: initialized pinctrl subsystem
[    0.143414] RTC time: 12:52:44, date: 08/01/23
[    0.144060] NET: Registered protocol family 16
[    0.144531] audit: initializing netlink subsys (disabled)
[    0.145108] cpuidle: using governor ladder
[    0.145536] cpuidle: using governor menu
[    0.145948] ACPI: bus type PCI registered
[    0.146391] acpiphp: ACPI Hot Plug PCI Controller Driver version: 0.5
[    0.147037] PCI: Using configuration type 1 for base access
[    0.147582] audit: type=2000 audit(1690894368.435:1): state=initialized audit_enabled=0 res=1
[    0.148673] HugeTLB registered 2.00 MiB page size, pre-allocated 0 pages
[    0.149991] ACPI: Added _OSI(Module Device)
[    0.150509] ACPI: Added _OSI(Processor Device)
[    0.151050] ACPI: Added _OSI(3.0 _SCP Extensions)
[    0.152003] ACPI: Added _OSI(Processor Aggregator Device)
[    0.152637] ACPI: Added _OSI(Linux-Dell-Video)
[    0.153180] ACPI: Added _OSI(Linux-Lenovo-NV-HDMI-Audio)
[    0.153807] ACPI: Added _OSI(Linux-HPI-Hybrid-Graphics)
[    0.154616] ACPI: Executed 1 blocks of module-level executable AML code
[    0.157570] ACPI: Interpreter enabled
[    0.158056] ACPI: (supports S0 S5)
[    0.158511] ACPI: Using IOAPIC for interrupt routing
[    0.159231] PCI: Using host bridge windows from ACPI; if necessary, use "pci=nocrs" and report a bug
[    0.160108] ACPI: Enabled 2 GPEs in block 00 to 07
[    0.165065] ACPI: PCI Root Bridge [PCI0] (domain 0000 [bus 00-ff])
[    0.165746] acpi PNP0A03:00: _OSC: OS supports [ASPM ClockPM Segments MSI]
[    0.167213] acpi PNP0A03:00: _OSC: not requesting OS control; OS requires [ExtendedConfig ASPM ClockPM MSI]
[    0.168010] acpi PNP0A03:00: fail to add MMCONFIG information, can't access extended PCI configuration space under this bridge.
[    0.169443] PCI host bridge to bus 0000:00
[    0.169892] pci_bus 0000:00: root bus resource [io  0x0000-0x0cf7 window]
[    0.170578] pci_bus 0000:00: root bus resource [io  0x0d00-0xffff window]
[    0.171277] pci_bus 0000:00: root bus resource [mem 0x000a0000-0x000bffff window]
[    0.172000] pci_bus 0000:00: root bus resource [mem 0x40000000-0xfdffffff window]
[    0.172003] pci_bus 0000:00: root bus resource [bus 00-ff]
[    0.173610] pci 0000:00:01.1: legacy IDE quirk: reg 0x10: [io  0x01f0-0x01f7]
[    0.176002] pci 0000:00:01.1: legacy IDE quirk: reg 0x14: [io  0x03f6]
[    0.176704] pci 0000:00:01.1: legacy IDE quirk: reg 0x18: [io  0x0170-0x0177]
[    0.177456] pci 0000:00:01.1: legacy IDE quirk: reg 0x1c: [io  0x0376]
[    0.185273] pci 0000:00:07.0: quirk: [io  0x4000-0x403f] claimed by PIIX4 ACPI
[    0.185983] pci 0000:00:07.0: quirk: [io  0x4100-0x410f] claimed by PIIX4 SMB
[    0.190877] ACPI: PCI Interrupt Link [LNKA] (IRQs 5 9 10 *11)
[    0.191694] ACPI: PCI Interrupt Link [LNKB] (IRQs 5 9 *10 11)
[    0.192068] ACPI: PCI Interrupt Link [LNKC] (IRQs 5 *9 10 11)
[    0.192791] ACPI: PCI Interrupt Link [LNKD] (IRQs 5 9 10 *11)
[    0.193688] SCSI subsystem initialized
[    0.194202] pci 0000:00:02.0: vgaarb: setting as boot VGA device
[    0.194866] pci 0000:00:02.0: vgaarb: VGA device added: decodes=io+mem,owns=io+mem,locks=none
[    0.195649] pci 0000:00:02.0: vgaarb: bridge control possible
[    0.196001] vgaarb: loaded
[    0.196291] ACPI: bus type USB registered
[    0.196700] usbcore: registered new interface driver usbfs
[    0.197205] usbcore: registered new interface driver hub
[    0.197694] usbcore: registered new device driver usb
[    0.198185] EDAC MC: Ver: 3.0.0
[    0.198656] PCI: Using ACPI for IRQ routing
[    0.199246] NetLabel: Initializing
[    0.200001] NetLabel:  domain hash size = 128
[    0.200406] NetLabel:  protocols = UNLABELED CIPSOv4 CALIPSO
[    0.200931] NetLabel:  unlabeled traffic allowed by default
[    0.201504] clocksource: Switched to clocksource kvm-clock
[    0.207347] VFS: Disk quotas dquot_6.6.0
[    0.207749] VFS: Dquot-cache hash table entries: 512 (order 0, 4096 bytes)
[    0.208449] AppArmor: AppArmor Filesystem Enabled
[    0.208904] pnp: PnP ACPI init
[    0.209781] pnp: PnP ACPI: found 3 devices
[    0.215270] clocksource: acpi_pm: mask: 0xffffff max_cycles: 0xffffff, max_idle_ns: 2085701024 ns
[    0.216308] NET: Registered protocol family 2
[    0.216782] IP idents hash table entries: 16384 (order: 5, 131072 bytes)
[    0.217503] TCP established hash table entries: 8192 (order: 4, 65536 bytes)
[    0.218164] TCP bind hash table entries: 8192 (order: 5, 131072 bytes)
[    0.218760] TCP: Hash tables configured (established 8192 bind 8192)
[    0.219719] UDP hash table entries: 512 (order: 2, 16384 bytes)
[    0.220313] UDP-Lite hash table entries: 512 (order: 2, 16384 bytes)
[    0.220900] NET: Registered protocol family 1
[    0.221318] pci 0000:00:00.0: Limiting direct PCI/PCI transfers
[    0.221863] pci 0000:00:01.0: Activating ISA DMA hang workarounds
[    0.222463] pci 0000:00:02.0: Video device with shadowed ROM at [mem 0x000c0000-0x000dffff]
[    0.223289] Unpacking initramfs...
[    0.407826] Freeing initrd memory: 19528K
[    0.411714] clocksource: tsc: mask: 0xffffffffffffffff max_cycles: 0x185ab3d55e7, max_idle_ns: 440795260541 ns
[    0.412630] platform rtc_cmos: registered platform RTC device (no PNP device found)
[    0.413352] Scanning for low memory corruption every 60 seconds
[    0.414201] Initialise system trusted keyrings
[    0.414647] Key type blacklist registered
[    0.415048] workingset: timestamp_bits=36 max_order=18 bucket_order=0
[    0.416150] zbud: loaded
[    0.416734] squashfs: version 4.0 (2009/01/31) Phillip Lougher
[    0.417352] fuse init (API version 7.26)
[    0.418139] Key type asymmetric registered
[    0.418552] Asymmetric key parser 'x509' registered
[    0.419015] Block layer SCSI generic (bsg) driver version 0.4 loaded (major 246)
[    0.419704] io scheduler noop registered
[    0.420076] io scheduler deadline registered
[    0.420507] io scheduler cfq registered (default)
[    0.421109] ACPI: AC Adapter [AC] (on-line)
[    0.421555] input: Power Button as /devices/LNXSYSTM:00/LNXPWRBN:00/input/input0
[    0.422377] ACPI: Power Button [PWRF]
[    0.422771] input: Sleep Button as /devices/LNXSYSTM:00/LNXSLPBN:00/input/input1
[    0.423455] ACPI: Sleep Button [SLPF]
[    0.424348] ACPI: Battery Slot [BAT0] (battery present)
[    0.424905] Serial: 8250/16550 driver, 32 ports, IRQ sharing enabled
[    0.445979] 00:02: ttyS0 at I/O 0x3f8 (irq = 4, base_baud = 115200) is a 16550A
[    0.447635] Linux agpgart interface v0.103
[    0.448653] loop: module loaded
[    0.449289] scsi host0: ata_piix
[    0.449680] scsi host1: ata_piix
[    0.450016] ata1: PATA max UDMA/33 cmd 0x1f0 ctl 0x3f6 bmdma 0xd000 irq 14
[    0.450641] ata2: PATA max UDMA/33 cmd 0x170 ctl 0x376 bmdma 0xd008 irq 15
[    0.451422] tun: Universal TUN/TAP device driver, 1.6
[    0.451935] PPP generic driver version 2.4.2
[    0.452398] ehci_hcd: USB 2.0 'Enhanced' Host Controller (EHCI) Driver
[    0.452977] ehci-pci: EHCI PCI platform driver
[    0.453395] ehci-platform: EHCI generic platform driver
[    0.453865] ohci_hcd: USB 1.1 'Open' Host Controller (OHCI) Driver
[    0.454468] ohci-pci: OHCI PCI platform driver
[    0.454881] ohci-platform: OHCI generic platform driver
[    0.455384] uhci_hcd: USB Universal Host Controller Interface driver
[    0.455984] i8042: PNP: PS/2 Controller [PNP0303:PS2K,PNP0f03:PS2M] at 0x60,0x64 irq 1,12
[    0.457214] serio: i8042 KBD port at 0x60,0x64 irq 1
[    0.457695] serio: i8042 AUX port at 0x60,0x64 irq 12
[    0.458192] mousedev: PS/2 mouse device common for all mice
[    0.458854] input: AT Translated Set 2 keyboard as /devices/platform/i8042/serio0/input/input2
[    0.459882] rtc_cmos rtc_cmos: rtc core: registered rtc_cmos as rtc0
[    0.460531] rtc_cmos rtc_cmos: alarms up to one day, 114 bytes nvram
[    0.461101] i2c /dev entries driver
[    0.461469] device-mapper: uevent: version 1.0.3
[    0.461922] device-mapper: ioctl: 4.37.0-ioctl (2017-09-20) initialised: dm-devel@redhat.com
[    0.462685] ledtrig-cpu: registered to indicate activity on CPUs
[    0.463372] NET: Registered protocol family 10
[    0.465581] Segment Routing with IPv6
[    0.466001] NET: Registered protocol family 17
[    0.466455] Key type dns_resolver registered
[    0.466909] mce: Using 0 MCE banks
[    0.467253] RAS: Correctable Errors collector initialized.
[    0.467781] sched_clock: Marking stable (464160352, 0)->(551052530, -86892178)
[    0.468551] registered taskstats version 1
[    0.468965] Loading compiled-in X.509 certificates
[    0.470575] Loaded X.509 cert 'Build time autogenerated kernel key: b5b26778eaa3ab3a4a6cee031137706e947d12ad'
[    0.472482] Loaded X.509 cert 'Canonical Ltd. Live Patch Signing: 14df34d1a87cf37625abec039ef2bf521249b969'
[    0.474448] Loaded X.509 cert 'Canonical Ltd. Kernel Module Signing: 88f752e560a1e0737e31163a466ad7b70a850c19'
[    0.475874] blacklist: Loading compiled-in revocation X.509 certificates
[    0.476696] Loaded X.509 cert 'Canonical Ltd. Secure Boot Signing: 61482aa2830d0ab2ad5af10b7250da9033ddcef0'
[    0.477744] Loaded X.509 cert 'Canonical Ltd. Secure Boot Signing (2017): 242ade75ac4a15e50d50c84b0d45ff3eae707a03'
[    0.478904] Loaded X.509 cert 'Canonical Ltd. Secure Boot Signing (ESM 2018): 365188c1d374d6b07c3c8f240f8ef722433d6a8b'
[    0.480227] Loaded X.509 cert 'Canonical Ltd. Secure Boot Signing (2019): c0746fd6c5da3ae827864651ad66ae47fe24b3e8'
[    0.481377] Loaded X.509 cert 'Canonical Ltd. Secure Boot Signing (2021 v1): a8d54bbb3825cfb94fa13c9f8a594a195c107b8d'
[    0.482570] Loaded X.509 cert 'Canonical Ltd. Secure Boot Signing (2021 v2): 4cf046892d6fd3c9a5b03f98d845f90851dc6a8c'
[    0.483754] Loaded X.509 cert 'Canonical Ltd. Secure Boot Signing (2021 v3): 100437bb6de6e469b581e61cd66bce3ef4ed53af'
[    0.485101] Loaded X.509 cert 'Canonical Ltd. Secure Boot Signing (Ubuntu Core 2019): c1d57b8f6b743f23ee41f4f7ee292f06eecadfb9'
[    0.487023] zswap: loaded using pool lzo/zbud
[    0.489876] Key type big_key registered
[    0.490600] Key type trusted registered
[    0.491742] Key type encrypted registered
[    0.492176] AppArmor: AppArmor sha1 policy hashing enabled
[    0.492681] ima: No TPM chip found, activating TPM-bypass! (rc=-19)
[    0.493241] ima: Allocated hash algorithm: sha1
[    0.493669] evm: HMAC attrs: 0x1
[    0.494163]   Magic number: 3:697:884
[    0.494595] rtc_cmos rtc_cmos: setting system clock to 2023-08-01 12:52:44 UTC (1690894364)
[    0.495418] BIOS EDD facility v0.16 2004-Jun-25, 0 devices found
[    0.495956] EDD information not available.
[    0.635078] Freeing unused kernel image memory: 2480K
[    0.640135] Write protecting the kernel read-only data: 20480k
[    0.641294] Freeing unused kernel image memory: 2008K
[    0.642005] Freeing unused kernel image memory: 1820K
[    0.645622] x86/mm: Checked W+X mappings: passed, no W+X pages found.
[    0.646275] x86/mm: Checking user space page tables
[    0.649594] x86/mm: Checked W+X mappings: passed, no W+X pages found.
Loading, please wait...
starting version 237
[    0.729189] e1000: Intel(R) PRO/1000 Network Driver - version 7.3.21-k8-NAPI
[    0.729934] e1000: Copyright (c) 1999-2006 Intel Corporation.
[    0.734549] Fusion MPT base driver 3.04.20
[    0.734970] Copyright (c) 1999-2008 LSI Corporation
[    0.737717] Fusion MPT SPI Host driver 3.04.20
[    0.750863] AVX2 version of gcm_enc/dec engaged.
[    0.751453] AES CTR mode by8 optimization enabled
[    0.945371] input: ImExPS/2 Generic Explorer Mouse as /devices/platform/i8042/serio1/input/input4
[    1.082471] e1000 0000:00:03.0 eth0: (PCI:33MHz:32-bit) 02:3b:7b:b7:3b:2d
[    1.083578] e1000 0000:00:03.0 eth0: Intel(R) PRO/1000 Network Connection
[    1.084929] mptbase: ioc0: Initiating bringup
[    1.180724] ioc0: LSI53C1030 A0: Capabilities={Initiator}
[    1.422874] scsi host2: ioc0: LSI53C1030 A0, FwRev=00000000h, Ports=1, MaxQ=256, IRQ=20
[    1.593024] scsi 2:0:0:0: Direct-Access     VBOX     HARDDISK         1.0  PQ: 0 ANSI: 5
[    1.595728] scsi target2:0:0: Beginning Domain Validation
[    1.597985] scsi target2:0:0: Domain Validation skipping write tests
[    1.598586] scsi target2:0:0: Ending Domain Validation
[    1.599076] scsi target2:0:0: asynchronous
[    1.599674] scsi 2:0:1:0: Direct-Access     VBOX     HARDDISK         1.0  PQ: 0 ANSI: 5
[    1.600430] scsi target2:0:1: Beginning Domain Validation
[    1.601235] scsi target2:0:1: Domain Validation skipping write tests
[    1.601804] scsi target2:0:1: Ending Domain Validation
[    1.602292] scsi target2:0:1: asynchronous
[    1.604330] sd 2:0:0:0: [sda] 83886080 512-byte logical blocks: (42.9 GB/40.0 GiB)
[    1.605077] sd 2:0:0:0: [sda] Write Protect is off
[    1.605558] sd 2:0:0:0: [sda] Incomplete mode parameter data
[    1.606071] sd 2:0:0:0: [sda] Assuming drive cache: write through
[    1.606838] sd 2:0:0:0: Attached scsi generic sg0 type 0
[    1.607687] sd 2:0:1:0: [sdb] 20480 512-byte logical blocks: (10.5 MB/10.0 MiB)
[    1.608414] sd 2:0:1:0: [sdb] Write Protect is off
[    1.608925] sd 2:0:1:0: [sdb] Incomplete mode parameter data
[    1.609443] sd 2:0:1:0: [sdb] Assuming drive cache: write through
[    1.610169]  sda: sda1
[    1.610745] sd 2:0:1:0: Attached scsi generic sg1 type 0
[    1.611305] sd 2:0:0:0: [sda] Attached SCSI disk
[    1.612401] sd 2:0:1:0: [sdb] Attached SCSI disk
[    1.942879] e1000 0000:00:08.0 eth1: (PCI:33MHz:32-bit) 08:00:27:aa:42:31
[    1.943903] e1000 0000:00:08.0 eth1: Intel(R) PRO/1000 Network Connection
[    1.945583] e1000 0000:00:08.0 enp0s8: renamed from eth1
[    1.947057] e1000 0000:00:03.0 enp0s3: renamed from eth0
Begin: Loading essential drivers ... [    3.237330] raid6: sse2x1   gen() 18661 MB/s
[    3.300498] raid6: sse2x1   xor() 11733 MB/s
[    3.365734] raid6: sse2x2   gen() 24871 MB/s
[    3.429005] raid6: sse2x2   xor() 15182 MB/s
[    3.492229] raid6: sse2x4   gen() 24668 MB/s
[    3.555486] raid6: sse2x4   xor() 14542 MB/s
[    3.618947] raid6: avx2x1   gen() 35302 MB/s
[    3.682243] raid6: avx2x1   xor() 21735 MB/s
[    3.739606] raid6: avx2x2   gen() 45894 MB/s
[    3.789872] raid6: avx2x2   xor() 27121 MB/s
[    3.840377] raid6: avx2x4   gen() 41737 MB/s
[    3.907193] raid6: avx2x4   xor() 29640 MB/s
[    3.907764] raid6: using algorithm avx2x2 gen() 45894 MB/s
[    3.908283] raid6: .... xor() 27121 MB/s, rmw enabled
[    3.908755] raid6: using avx2x2 recovery algorithm
[    3.910487] xor: automatically using best checksumming function   avx       
[    3.912112] async_tx: api initialized (async)
done.
Begin: Running /scripts/init-premount ... done.
Begin: Mounting root file system ... Begin: Running /scripts/local-top ... done.
Begin: Running /scripts/local-premount ... [    3.946694] Btrfs loaded, crc32c=crc32c-intel
Scanning for Btrfs filesystems
done.
Warning: fsck not present, so skipping root file system
[    3.966287] EXT4-fs (sda1): mounted filesystem with ordered data mode. Opts: (null)
done.
Begin: Running /scripts/local-bottom ... done.
Begin: Running /scripts/init-bottom ... done.
[    4.077497] ip_tables: (C) 2000-2006 Netfilter Core Team
[    4.082036] systemd[1]: systemd 237 running in system mode. (+PAM +AUDIT +SELINUX +IMA +APPARMOR +SMACK +SYSVINIT +UTMP +LIBCRYPTSETUP +GCRYPT +GNUTLS +ACL +XZ +LZ4 +SECCOMP +BLKID +ELFUTILS +KMOD -IDN2 +IDN -PCRE2 default-hierarchy=hybrid)
[    4.084060] systemd[1]: Detected virtualization oracle.
[    4.085233] systemd[1]: Detected architecture x86-64.

Welcome to [1mUbuntu 18.04.6 LTS[0m!

[    4.087390] systemd[1]: Set hostname to <ubuntu>.
[    4.088718] systemd[1]: Initializing machine ID from random generator.
[    4.089346] systemd[1]: Installed transient /etc/machine-id file.
[    4.241947] systemd[1]: Started Forward Password Requests to Wall Directory Watch.
[[0;32m  OK  [0m] Started Forward Password Requests to Wall Directory Watch.
[    4.243677] systemd[1]: Created slice System Slice.
[[0;32m  OK  [0m] Created slice System Slice.
[    4.244837] systemd[1]: Listening on Journal Audit Socket.
[[0;32m  OK  [0m] Listening on Journal Audit Socket.
[    4.246033] systemd[1]: Created slice system-serial\x2dgetty.slice.
[[0;32m  OK  [0m] Created slice system-serial\x2dgetty.slice.
[[0;32m  OK  [0m] Listening on Journal Socket (/dev/log).
[[0;32m  OK  [0m] Listening on Syslog Socket.
[[0;32m  OK  [0m] Listening on Journal Socket.
         Starting Journal Service...
[[0;32m  OK  [0m] Listening on Device-mapper event daemon FIFOs.
[[0;32m  OK  [0m] Listening on /dev/initctl Compatibility Named Pipe.
         Mounting POSIX Message Queue File System...
         Starting Uncomplicated firewall...
[[0;32m  OK  [0m] Reached target User and Group Name Lookups.
[[0;32m  OK  [0m] Reached target System Time Synchronized.
         Mounting Kernel Debug File System...
         Starting Load Kernel Modules...
[[0;32m  OK  [0m] Listening on fsck to fsckd communication Socket.
         Starting File System Check on Root Device...
[[0;32m  OK  [0m] Listening on udev Kernel Socket.
[[0;32m  OK  [0m] Listening on LVM2 poll daemon socket.
[[0;32m  OK  [0m] Listening on udev Control Socket.
         Starting udev Coldplug all Devices...
         Starting Set the console keyboard layout...
         Starting Create list of required st…ce nodes for the current kernel...
[[0;32m  OK  [0m] Reached target Mounting snaps.
[[0;32m  OK  [0m] Reached target Mounted snaps.
[    4.291203] Loading iSCSI transport class v2.0-870.
[[0;32m  OK  [0m] Listening on LVM2 metadata daemon socket.
         Starting Monitoring of LVM2 mirrors…ng dmeventd or progress polling...
[[0;32m  OK  [0m] Reached target Swap.
[[0;32m  OK  [0m] Set up automount Arbitrary Executab…rmats File System Automount Point.
[[0;32m  OK  [0m] Listening on Network Service Netlink Socket.
[[0;32m  OK  [0m] Created slice User and Session Slice.
[[0;32m  OK  [0m] Reached target Slices.
         Mounting Huge Pages File System...
[[0;32m  OK  [0m] Started Journal Service.
[[0;32m  OK  [0m] Mounted POSIX Message Queue File System.
[[0;32m  OK  [0m] Started Uncomplicated firewall.
[[0;32m  OK  [0m] Mounted Kernel Debug File System.
[[0;32m  OK  [0m] Started Create list of required sta…vice nodes for the current kernel.
[[0;32m  OK  [0m] Mounted Huge Pages File System.
[[0;32m  OK  [0m] Started File System Check Daemon to report status.
         Starting Create Static Device Nodes in /dev...
[    4.350104] iscsi: registered transport (tcp)
[[0;32m  OK  [0m] Started udev Coldplug all Devices.
[[0;32m  OK  [0m] Started File System Check on Root Device.
         Starting Remount Root and Kernel File Systems...
[[0;32m  OK  [0m] Started Create Static Device Nodes in /dev.
[[0;32m  OK  [0m] Started LVM2 metadata daemon.
[    4.401678] iscsi: registered transport (iser)
[[0;32m  OK  [0m] Started Load Kernel Modules.
         Starting Apply Kernel Variables...
         Mounting FUSE Control File System...
         Mounting Kernel Configuration File System...
[[0;32m  OK  [0m] Mounted Kernel Configuration File System.
[[0;32m  OK  [0m] Mounted FUSE Control File System.
[[0;32m  OK  [0m] Started Remount Root and Kernel File Systems.
         Starting Load/Save Random Seed...
         Starting udev Kernel Device Manager...
         Starting Flush Journal to Persistent Storage...
[[0;32m  OK  [0m] Started Apply Kernel Variables.
[[0;32m  OK  [0m] Started Load/Save Random Seed.
[[0;32m  OK  [0m] Started Monitoring of LVM2 mirrors,…sing dmeventd or progress polling.
[[0;32m  OK  [0m] Started udev Kernel Device Manager.
[[0;32m  OK  [0m] Started Flush Journal to Persistent Storage.
[[0;32m  OK  [0m] Found device /dev/ttyS0.
[[0;32m  OK  [0m] Listening on Load/Save RF Kill Switch Status /dev/rfkill Watch.
         Mounting Arbitrary Executable File Formats File System...
[[0;32m  OK  [0m] Mounted Arbitrary Executable File Formats File System.
[[0;32m  OK  [0m] Started Set the console keyboard layout.
[[0;32m  OK  [0m] Reached target Local File Systems (Pre).
[[0;32m  OK  [0m] Reached target Local File Systems.
         Starting ebtables ruleset management...
         Starting AppArmor initialization...
         Starting Create Volatile Files and Directories...
         Starting Tell Plymouth To Write Out Runtime Data...
         Starting Commit a transient machine-id on disk...
         Starting Set console font and keymap...
[[0;32m  OK  [0m] Started Dispatch Password Requests to Console Directory Watch.
[[0;32m  OK  [0m] Reached target Local Encrypted Volumes.
[[0;32m  OK  [0m] Started Tell Plymouth To Write Out Runtime Data.
[[0;32m  OK  [0m] Started Commit a transient machine-id on disk.
[[0;32m  OK  [0m] Started Create Volatile Files and Directories.
         Starting Update UTMP about System Boot/Shutdown...
[[0;32m  OK  [0m] Started Update UTMP about System Boot/Shutdown.
[[0;32m  OK  [0m] Started ebtables ruleset management.
[[0;32m  OK  [0m] Started AppArmor initialization.
         Starting Load AppArmor profiles managed internally by snapd...
         Starting Initial cloud-init job (pre-networking)...
[[0;32m  OK  [0m] Started Load AppArmor profiles managed internally by snapd.
[[0;32m  OK  [0m] Started Set console font and keymap.
[    7.046255] cloud-init[829]: Cloud-init v. 23.1.2-0ubuntu0~18.04.1 running 'init-local' at Tue, 01 Aug 2023 12:52:50 +0000. Up 6.87 seconds.
[[0;32m  OK  [0m] Started Initial cloud-init job (pre-networking).
[[0;32m  OK  [0m] Reached target Network (Pre).
         Starting Network Service...
[[0;32m  OK  [0m] Started Network Service.
         Starting Wait for Network to be Configured...
         Starting Network Name Resolution...
[[0;32m  OK  [0m] Started Network Name Resolution.
[[0;32m  OK  [0m] Reached target Network.
[[0;32m  OK  [0m] Reached target Host and Network Name Lookups.
[[0;32m  OK  [0m] Started Wait for Network to be Configured.
         Starting Initial cloud-init job (metadata service crawler)...
[    9.092937] cloud-init[964]: Cloud-init v. 23.1.2-0ubuntu0~18.04.1 running 'init' at Tue, 01 Aug 2023 12:52:53 +0000. Up 9.01 seconds.
[    9.093880] cloud-init[964]: ci-info: ++++++++++++++++++++++++++++++++++++++Net device info+++++++++++++++++++++++++++++++++++++++
[    9.095267] cloud-init[964]: ci-info: +--------+-------+----------------------------+---------------+--------+-------------------+
[    9.096086] cloud-init[964]: ci-info: | Device |   Up  |          Address           |      Mask     | Scope  |     Hw-Address    |
[    9.096867] cloud-init[964]: ci-info: +--------+-------+----------------------------+---------------+--------+-------------------+
[    9.098760] cloud-init[964]: ci-info: | enp0s3 |  True |         10.0.2.15          | 255.255.255.0 | global | 02:3b:7b:b7:3b:2d |
[    9.100100] cloud-init[964]: ci-info: | enp0s3 |  True | fe80::3b:7bff:feb7:3b2d/64 |       .       |  link  | 02:3b:7b:b7:3b:2d |
[    9.102023] cloud-init[964]: ci-info: | enp0s8 | False |             .              |       .       |   .    | 08:00:27:aa:42:31 |
[    9.112094] cloud-init[964]: ci-info: |   lo   |  True |         127.0.0.1          |   255.0.0.0   |  host  |         .         |
[    9.112766] cloud-init[964]: ci-info: |   lo   |  True |          ::1/128           |       .       |  host  |         .         |
[    9.113583] cloud-init[964]: ci-info: +--------+-------+----------------------------+---------------+--------+-------------------+
[    9.114370] cloud-init[964]: ci-info: ++++++++++++++++++++++++++++Route IPv4 info+++++++++++++++++++++++++++++
[    9.115082] cloud-init[964]: ci-info: +-------+-------------+----------+-----------------+-----------+-------+
[    9.116011] cloud-init[964]: ci-info: | Route | Destination | Gateway  |     Genmask     | Interface | Flags |
[    9.119050] cloud-init[964]: ci-info: +-------+-------------+----------+-----------------+-----------+-------+
[    9.119815] cloud-init[964]: ci-info: |   0   |   0.0.0.0   | 10.0.2.2 |     0.0.0.0     |   enp0s3  |   UG  |
[    9.121743] cloud-init[964]: ci-info: |   1   |   10.0.2.0  | 0.0.0.0  |  255.255.255.0  |   enp0s3  |   U   |
[    9.123546] cloud-init[964]: ci-info: |   2   |   10.0.2.2  | 0.0.0.0  | 255.255.255.255 |   enp0s3  |   UH  |
[    9.125450] cloud-init[964]: ci-info: +-------+-------------+----------+-----------------+-----------+-------+
[    9.126184] cloud-init[964]: ci-info: +++++++++++++++++++Route IPv6 info+++++++++++++++++++
[    9.128085] cloud-init[964]: ci-info: +-------+-------------+---------+-----------+-------+
[    9.128857] cloud-init[964]: ci-info: | Route | Destination | Gateway | Interface | Flags |
[    9.129522] cloud-init[964]: ci-info: +-------+-------------+---------+-----------+-------+
[    9.130138] cloud-init[964]: ci-info: |   1   |  fe80::/64  |    ::   |   enp0s3  |   U   |
[    9.130909] cloud-init[964]: ci-info: |   3   |    local    |    ::   |   enp0s3  |   U   |
[    9.133037] cloud-init[964]: ci-info: |   4   |   ff00::/8  |    ::   |   enp0s3  |   U   |
[    9.133683] cloud-init[964]: ci-info: +-------+-------------+---------+-----------+-------+
[    9.601657] cloud-init[964]: Generating public/private rsa key pair.
[    9.602181] cloud-init[964]: Your identification has been saved in /etc/ssh/ssh_host_rsa_key.
[    9.602954] cloud-init[964]: Your public key has been saved in /etc/ssh/ssh_host_rsa_key.pub.
[    9.603719] cloud-init[964]: The key fingerprint is:
[    9.604294] cloud-init[964]: SHA256:RELCDa5Oo5D+yD+1HRXBigtas4cFV9W7bcsflsAnwQM root@ubuntu-bionic
[    9.607214] cloud-init[964]: The key's randomart image is:
[    9.607754] cloud-init[964]: +---[RSA 2048]----+
[    9.608276] cloud-init[964]: |   .o++.+ooE     |
[    9.608755] cloud-init[964]: |   o.o.o o .o    |
[    9.612149] cloud-init[964]: |    + . o . .+   |
[    9.612662] cloud-init[964]: | . = o o . .. o  |
[    9.613213] cloud-init[964]: |o * * . S   o+ . |
[    9.613742] cloud-init[964]: |o= + + .   . o+ .|
[    9.614254] cloud-init[964]: |... o o .   o .+ |
[    9.616120] cloud-init[964]: |. o. . .     o. .|
[    9.616596] cloud-init[964]: | o.o.         .. |
[    9.617107] cloud-init[964]: +----[SHA256]-----+
[    9.620162] cloud-init[964]: Generating public/private dsa key pair.
[    9.620910] cloud-init[964]: Your identification has been saved in /etc/ssh/ssh_host_dsa_key.
[    9.621746] cloud-init[964]: Your public key has been saved in /etc/ssh/ssh_host_dsa_key.pub.
[    9.624122] cloud-init[964]: The key fingerprint is:
[    9.624527] cloud-init[964]: SHA256:QsdC2X+OLwHJZt+ebRqavgV3aANlE2XWnsdWg8DxB3o root@ubuntu-bionic
[    9.625312] cloud-init[964]: The key's randomart image is:
[    9.628155] cloud-init[964]: +---[DSA 1024]----+
[    9.628649] cloud-init[964]: |      .o  .oB+=. |
[    9.629158] cloud-init[964]: |     ....  +o=..o|
[    9.629633] cloud-init[964]: |      o.oo.. E ++|
[    9.632137] cloud-init[964]: |     . o* ..o...=|
[    9.632509] cloud-init[964]: |      .oSo.== ...|
[    9.633022] cloud-init[964]: |       .  ++oo   |
[    9.633543] cloud-init[964]: |           +oo   |
[    9.634054] cloud-init[964]: |          .++.o  |
[    9.636127] cloud-init[964]: |         .=o.o   |
[    9.636559] cloud-init[964]: +----[SHA256]-----+
[    9.637051] cloud-init[964]: Generating public/private ecdsa key pair.
[    9.640157] cloud-init[964]: Your identification has been saved in /etc/ssh/ssh_host_ecdsa_key.
[    9.640906] cloud-init[964]: Your public key has been saved in /etc/ssh/ssh_host_ecdsa_key.pub.
[    9.641675] cloud-init[964]: The key fingerprint is:
[    9.644125] cloud-init[964]: SHA256:/U74a/Ssj/IvH3rMTu7xRMRDz7m8MUzmJ3TgMjAMktM root@ubuntu-bionic
[    9.644924] cloud-init[964]: The key's randomart image is:
[    9.645499] cloud-init[964]: +---[ECDSA 256]---+
[    9.648136] cloud-init[964]: |      .o.oo   .. |
[    9.648505] cloud-init[964]: |      o.E .o ..+o|
[    9.649014] cloud-init[964]: |       .    o o=*|
[    9.649541] cloud-init[964]: |         .   +*oo|
[    9.650061] cloud-init[964]: |        S .   .Bo|
[    9.652115] cloud-init[964]: |           o.  o=|
[    9.652671] cloud-init[964]: |          ..o=+..|
[    9.656136] cloud-init[964]: |          .+o=*= |
[    9.656623] cloud-init[964]: |           +O@B .|
[    9.657106] cloud-init[964]: +----[SHA256]-----+
[    9.657599] cloud-init[964]: Generating public/private ed25519 key pair.
[    9.658227] cloud-init[964]: Your identification has been saved in /etc/ssh/ssh_host_ed25519_key.
[    9.660118] cloud-init[964]: Your public key has been saved in /etc/ssh/ssh_host_ed25519_key.pub.
[    9.660775] cloud-init[964]: The key fingerprint is:
[    9.662384] cloud-init[964]: SHA256:xRBJ9YZM3RhvjG47Qyh4QklflaoCKWHWSw6xbBhSaYE root@ubuntu-bionic
[    9.663293] cloud-init[964]: The key's randomart image is:
[[0;32m  OK  [0m] Started Initial cloud-init job (metadata service crawler).
[[0;32m  OK  [0m] Reached target Network is Online.
[    9.665757] cloud-init[964]:          Starting Availability of block devices...
[[0;32m  OK  [0m] Reached target Remote File Systems (Pre).
[[0;32m  OK  [0m] Reached target Remote File Systems.+--[ED25519 256]--+
[    9.668323] cloud-init[964]: |oo+=  ..+++oo=   |
[    9.668819] cloud-init[964]: |E+B.o. o.* o++.  |
[    9.669326] cloud-init[964]: |.++= oo . =.+ +  |
[    9.669831] cloud-init[964]: | .. =. . ..+ .   |
[    9.670343] cloud-init[964]: |   . .o S.. +    |
[    9.670853] cloud-init[964]: |      .o.. o .   |
[    9.671365] cloud-init[964]: |       .    +    |
[    9.671897] cloud-init
[[0;32m  OK  [0m] Reached target Cloud-config availability.
[[0;32m  OK  [0m] Reached target System Initialization.
         Starting Socket activation for snappy daemon.
[[0;32m  OK  [0m] Started ACPI Events Check.
[[0;32m  OK  [0m] Reached target Paths.
[[0;32m  OK  [0m] Started Ubuntu Advantage Timer for running repeated jobs.
         Starting LXD - unix socket.
[[0;32m  OK  [0m] Started Daily Cleanup of Temporary Directories.
[[0;32m  OK  [0m] Listening on Open-iSCSI iscsid Socket.
[[0;32m  OK  [0m] Started Discard unused blocks once a week.
[[0;32m  OK  [0m] Listening on D-Bus System Message Bus Socket.
[[0;32m  OK  [0m] Listening on UUID daemon activation socket.[964]: |             o   |
[    9.687095] cloud-init[964]: |                 |
[    9.687620] cloud-init[964]: +----[SHA256]-----+
[[0;32m  OK  [0m] Started Daily apt download activities.
[[0;32m  OK  [0m] Started Daily apt upgrade and clean activities.
[[0;32m  OK  [0m] Started Message of the Day.
[[0;32m  OK  [0m] Reached target Timers.
[[0;32m  OK  [0m] Listening on cloud-init hotplug hook socket.
[[0;32m  OK  [0m] Listening on ACPID Listen Socket.

[[0;32m  OK  [0m] Started Availability of block devices.
[[0;32m  OK  [0m] Listening on Socket activation for snappy daemon.
[[0;32m  OK  [0m] Listening on LXD - unix socket.
[[0;32m  OK  [0m] Reached target Sockets.
[[0;32m  OK  [0m] Reached target Basic System.
         Starting LSB: automatic crash report generation...
[[0;32m  OK  [0m] Reached target Login Prompts (Pre).
         Starting Dispatcher daemon for systemd-networkd...
[[0;32m  OK  [0m] Started irqbalance daemon.
[[0;32m  OK  [0m] Started FUSE filesystem for LXC.
[[0;32m  OK  [0m] Started Regular background program processing daemon.
         Starting Pollinate to seed the pseudo random number generator...
         Starting Virtualbox guest utils...
         Starting LXD - container startup/shutdown...
         Starting System Logging Service...
         Starting Accounts Service...
         Starting Login Service...
         Starting Snap Daemon...
[[0;32m  OK  [0m] Started D-Bus System Message Bus.
         Starting LSB: Record successful boot for GRUB...
[[0;32m  OK  [0m] Started Deferred execution scheduler.
         Starting Permit User Sessions...
[[0;32m  OK  [0m] Started System Logging Service.
[[0;32m  OK  [0m] Started Login Service.
[[0;32m  OK  [0m] Started Unattended Upgrades Shutdown.
[[0;32m  OK  [0m] Started Permit User Sessions.
         Starting Terminate Plymouth Boot Screen...
         Starting Hold until boot process finishes up...
[[0;32m  OK  [0m] Started Hold until boot process finishes up.
         Starting Set console scheme...
[[0;32m  OK  [0m] Started Serial Getty on ttyS0.
[[0;32m  OK  [0m] Started Terminate Plymouth Boot Screen.
[[0;32m  OK  [0m] Started LSB: automatic crash report generation.
[[0;32m  OK  [0m] Started LXD - container startup/shutdown.
[[0;32m  OK  [0m] Started Set console scheme.
[[0;32m  OK  [0m] Created slice system-getty.slice.
[[0;32m  OK  [0m] Started Getty on tty1.
[[0;32m  OK  [0m] Reached target Login Prompts.
         Starting Authorization Manager...
[[0;32m  OK  [0m] Started Dispatcher daemon for systemd-networkd.
[[0;32m  OK  [0m] Started Authorization Manager.
[[0;32m  OK  [0m] Started Accounts Service.
[[0;32m  OK  [0m] Started LSB: Record successful boot for GRUB.
[[0;32m  OK  [0m] Started Virtualbox guest utils.
[[0;32m  OK  [0m] Started Snap Daemon.
         Starting Wait until snapd is fully seeded...
         Starting Time & Date Service...
[[0;32m  OK  [0m] Started Time & Date Service.
[[0;32m  OK  [0m] Started Pollinate to seed the pseudo random number generator.
         Starting OpenBSD Secure Shell server...
[[0;32m  OK  [0m] Started OpenBSD Secure Shell server.
[[0;32m  OK  [0m] Created slice User Slice of vagrant.
         Starting User Manager for UID 1000...
[[0;32m  OK  [0m] Started Session 1 of user vagrant.
[[0;32m  OK  [0m] Started User Manager for UID 1000.
[[0;32m  OK  [0m] Started Wait until snapd is fully seeded.
         Starting Apply the settings specified in cloud-config...
[   14.024445] cloud-init[1653]: Cloud-init v. 23.1.2-0ubuntu0~18.04.1 running 'modules:config' at Tue, 01 Aug 2023 12:52:57 +0000. Up 13.80 seconds.
[[0;32m  OK  [0m] Started Apply the settings specified in cloud-config.
[[0;32m  OK  [0m] Reached target Multi-User System.
[[0;32m  OK  [0m] Reached target Graphical Interface.
         Starting Update UTMP about System Runlevel Changes...
         Starting Execute cloud user/final scripts...
[[0;32m  OK  [0m] Started Update UTMP about System Runlevel Changes.
ci-info: no authorized SSH keys fingerprints found for user ubuntu.
<14>Aug  1 12:52:58 cloud-init: #############################################################
<14>Aug  1 12:52:58 cloud-init: -----BEGIN SSH HOST KEY FINGERPRINTS-----
<14>Aug  1 12:52:58 cloud-init: 1024 SHA256:QsdC2X+OLwHJZt+ebRqavgV3aANlE2XWnsdWg8DxB3o root@ubuntu-bionic (DSA)
<14>Aug  1 12:52:58 cloud-init: 256 SHA256:/U74a/Ssj/IvH3rMTu7xRMRDz7m8MUzmJ3TgMjAMktM root@ubuntu-bionic (ECDSA)
<14>Aug  1 12:52:58 cloud-init: 256 SHA256:xRBJ9YZM3RhvjG47Qyh4QklflaoCKWHWSw6xbBhSaYE root@ubuntu-bionic (ED25519)
<14>Aug  1 12:52:58 cloud-init: 2048 SHA256:RELCDa5Oo5D+yD+1HRXBigtas4cFV9W7bcsflsAnwQM root@ubuntu-bionic (RSA)
<14>Aug  1 12:52:58 cloud-init: -----END SSH HOST KEY FINGERPRINTS-----
<14>Aug  1 12:52:58 cloud-init: #############################################################
-----BEGIN SSH HOST KEY KEYS-----
ecdsa-sha2-nistp256 AAAAE2VjZHNhLXNoYTItbmlzdHAyNTYAAAAIbmlzdHAyNTYAAABBBJ3xfS1XhAUIod7RcR3Hw0SZfPx/zURR/3rcxOIaKICfZcuKTntsRBzH5jiDPuyQiqewvOH/bsOXzUxnXpLvoAI= root@ubuntu-bionic
ssh-ed25519 AAAAC3NzaC1lZDI1NTE5AAAAIJN4w7FcUbChrPSiTMPqoId/Q/iiDUqvxAA56KPGqk2W root@ubuntu-bionic
ssh-rsa AAAAB3NzaC1yc2EAAAADAQABAAABAQCsr+RBrmyoBQcKm3Y7NW6PKnZ+v8E31G9ErCFthPlOD5ByGRLl8VP2SGs8S0EcmUNw1JdXxRfpJyd3KR2+Qcev5KSy4cOPAM9D/KuqnT1FbO0/iQtuFcFN3tzfC0CDeWa2ip71EJ+1MIkaTDWb3GkdLDA7pVYIiU29EFRrwqvZbKa27Qw9JDwUwOmcx2abrOLorcBqBj9URBaMl9SjkcvOzJvMQWemQ8sAeEgzLIN/dZ1A3+anO8TNG58IZidBy1tiZBtcVfymUIXARP3JtXDcboGB4U+B2N5W6MpzTp6CfPib6Hopn6igI6wLEt+yW8Wxjo52S3zo2cWiNcZ4vUh3 root@ubuntu-bionic
-----END SSH HOST KEY KEYS-----
[   14.519641] cloud-init[1705]: Cloud-init v. 23.1.2-0ubuntu0~18.04.1 running 'modules:final' at Tue, 01 Aug 2023 12:52:58 +0000. Up 14.37 seconds.
[   14.520595] cloud-init[1705]: Cloud-init v. 23.1.2-0ubuntu0~18.04.1 finished at Tue, 01 Aug 2023 12:52:58 +0000. Datasource DataSourceNoCloud [seed=/dev/sdb][dsmode=net].  Up 14.51 seconds
[[0;32m  OK  [0m] Started Execute cloud user/final scripts.
[[0;32m  OK  [0m] Reached target Cloud-init target.

Ubuntu 18.04.6 LTS ubuntu-bionic ttyS0

ubuntu-bionic login: [[0;32m  OK  [0m] Stopped Unattended Upgrades Shutdown.
[[0;32m  OK  [0m] Stopped target Host and Network Name Lookups.
[[0;32m  OK  [0m] Stopped target Timers.
[[0;32m  OK  [0m] Stopped Message of the Day.
[[0;32m  OK  [0m] Stopped Daily apt upgrade and clean activities.
[[0;32m  OK  [0m] Stopped Daily apt download activities.
[[0;32m  OK  [0m] Stopped Discard unused blocks once a week.
[[0;32m  OK  [0m] Stopped target System Time Synchronized.
         Stopping Authorization Manager...
[[0;32m  OK  [0m] Stopped Ubuntu Advantage Timer for running repeated jobs.
         Stopping Session 1 of user vagrant.
         Stopping Time & Date Service...
[[0;32m  OK  [0m] Closed Load/Save RF Kill Switch Status /dev/rfkill Watch.
         Stopping Hostname Service...
[[0;32m  OK  [0m] Stopped Daily Cleanup of Temporary Directories.
         Stopping Availability of block devices...
[[0;32m  OK  [0m] Stopped target Graphical Interface.
         Stopping Accounts Service...
         Stopping User Manager for UID 1000...
[[0;32m  OK  [0m] Stopped target Cloud-init target.
[[0;32m  OK  [0m] Stopped Execute cloud user/final scripts.
[[0;32m  OK  [0m] Stopped Apply the settings specified in cloud-config.
[[0;32m  OK  [0m] Stopped target Cloud-config availability.
[[0;32m  OK  [0m] Stopped target Multi-User System.
         Stopping FUSE filesystem for LXC...
[[0;32m  OK  [0m] Stopped target Login Prompts.
         Stopping Getty on tty1...
         Stopping Serial Getty on ttyS0...
         Stopping Dispatcher daemon for systemd-networkd...
         Stopping LSB: Record successful boot for GRUB...
         Stopping Virtualbox guest utils...
[[0;32m  OK  [0m] Stopped Wait until snapd is fully seeded.
         Stopping Regular background program processing daemon...
         Stopping System Logging Service...
         Stopping D-Bus System Message Bus...
         Stopping LXD - container startup/shutdown...
         Stopping Deferred execution scheduler...
         Stopping OpenBSD Secure Shell server...
         Stopping LSB: automatic crash report generation...
         Stopping Network Name Resolution...
[[0;32m  OK  [0m] Unmounted /var/lib/lxcfs.
[[0;32m  OK  [0m] Stopped Network Name Resolution.
[[0;32m  OK  [0m] Stopped Dispatcher daemon for systemd-networkd.
[[0;32m  OK  [0m] Stopped Regular background program processing daemon.
[[0;32m  OK  [0m] Stopped System Logging Service.
[[0;32m  OK  [0m] Stopped Accounts Service.
[[0;32m  OK  [0m] Stopped Deferred execution scheduler.
[[0;32m  OK  [0m] Stopped Serial Getty on ttyS0.
[[0;32m  OK  [0m] Stopped Getty on tty1.
[[0;32m  OK  [0m] Stopped Authorization Manager.
[[0;32m  OK  [0m] Stopped Time & Date Service.
[[0;32m  OK  [0m] Stopped OpenBSD Secure Shell server.
[[0;32m  OK  [0m] Stopped User Manager for UID 1000.
[[0;32m  OK  [0m] Stopped Hostname Service.
[[0;32m  OK  [0m] Stopped Availability of block devices.
[[0;32m  OK  [0m] Stopped D-Bus System Message Bus.
[[0;32m  OK  [0m] Stopped FUSE filesystem for LXC.
[[0;32m  OK  [0m] Stopped Session 1 of user vagrant.
[[0;32m  OK  [0m] Removed slice User Slice of vagrant.
         Stopping Login Service...
[[0;32m  OK  [0m] Removed slice system-getty.slice.
[[0;32m  OK  [0m] Stopped target Login Prompts (Pre).
         Stopping Permit User Sessions...
[[0;32m  OK  [0m] Removed slice system-serial\x2dgetty.slice.
         Stopping Network Service...
[[0;32m  OK  [0m] Stopped LXD - container startup/shutdown.
[[0;32m  OK  [0m] Stopped Login Service.
[[0;32m  OK  [0m] Stopped LSB: Record successful boot for GRUB.
[[0;32m  OK  [0m] Stopped Permit User Sessions.
[[0;32m  OK  [0m] Stopped target User and Group Name Lookups.
[[0;32m  OK  [0m] Stopped Network Service.
[[0;32m  OK  [0m] Stopped target Network (Pre).
[[0;32m  OK  [0m] Stopped LSB: automatic crash report generation.
[[0;32m  OK  [0m] Stopped target Remote File Systems.
[[0;32m  OK  [0m] Stopped Virtualbox guest utils.
[[0;32m  OK  [0m] Stopped target Basic System.
[[0;32m  OK  [0m] Stopped target Slices.
[[0;32m  OK  [0m] Removed slice User and Session Slice.
[[0;32m  OK  [0m] Stopped target Paths.
[[0;32m  OK  [0m] Stopped ACPI Events Check.
[[0;32m  OK  [0m] Stopped target Sockets.
[[0;32m  OK  [0m] Closed Socket activation for snappy daemon.
[[0;32m  OK  [0m] Closed Syslog Socket.
[[0;32m  OK  [0m] Closed LXD - unix socket.
[[0;32m  OK  [0m] Closed ACPID Listen Socket.
[[0;32m  OK  [0m] Closed Open-iSCSI iscsid Socket.
[[0;32m  OK  [0m] Closed D-Bus System Message Bus Socket.
[[0;32m  OK  [0m] Closed cloud-init hotplug hook socket.
[[0;32m  OK  [0m] Closed UUID daemon activation socket.
[[0;32m  OK  [0m] Stopped target System Initialization.
         Stopping Load/Save Random Seed...
         Stopping Update UTMP about System Boot/Shutdown...
[[0;32m  OK  [0m] Stopped Apply Kernel Variables.
[[0;32m  OK  [0m] Stopped target Local Encrypted Volumes.
[[0;32m  OK  [0m] Stopped Dispatch Password Requests to Console Directory Watch.
[[0;32m  OK  [0m] Stopped Forward Password Requests to Wall Directory Watch.
[[0;32m  OK  [0m] Stopped Load Kernel Modules.
[[0;32m  OK  [0m] Stopped Commit a transient machine-id on disk.
[[0;32m  OK  [0m] Stopped Load/Save Random Seed.
[[0;32m  OK  [0m] Stopped Update UTMP about System Boot/Shutdown.
[[0;32m  OK  [0m] Stopped Create Volatile Files and Directories.
[[0;32m  OK  [0m] Stopped target Local File Systems.
         Unmounting /vagrant...
[[0;32m  OK  [0m] Stopped target Mounted snaps.
[[0;32m  OK  [0m] Stopped target Mounting snaps.
         Unmounting /run/user/1000...
[[0;32m  OK  [0m] Unmounted /vagrant.
[[0;32m  OK  [0m] Stopped target Remote File Systems (Pre).
[[0;32m  OK  [0m] Stopped target Network is Online.
[[0;32m  OK  [0m] Stopped Initial cloud-init job (metadata service crawler).
[[0;32m  OK  [0m] Stopped Initial cloud-init job (pre-networking).
[[0;32m  OK  [0m] Unmounted /run/user/1000.
[[0;32m  OK  [0m] Reached target Unmount All Filesystems.
[[0;32m  OK  [0m] Stopped target Swap.
[[0;32m  OK  [0m] Stopped target Local File Systems (Pre).
[[0;32m  OK  [0m] Stopped Create Static Device Nodes in /dev.
[[0;32m  OK  [0m] Stopped Remount Root and Kernel File Systems.
[[0;32m  OK  [0m] Reached target Shutdown.
[[0;32m  OK  [0m] Reached target Final Step.
         Starting Power-Off...
         Stopping Monitoring of LVM2 mirrors…ng dmeventd or progress polling...
[   22.655540] reboot: Power down
